Done:
- save-restore elimination
- Multisegment flows with MidPoints
- Accurate Flow connection to Transitions
- Coloring Objects and subnet
- Compressed rawSave/rawLoad
- Status info lines
- Sticy Flow heads for transConnectors
- Play-Stop-Speed control
- Undo edit
- Help screen

Todo:
- Buttons (File: New Save Load Clear M0...?)
- Mouse location as center of zooming
- Reachability
- Snap to grid and free drag too
- Select (and copy, rotate...?) subnet
- Labels input and placement
- Firing animation with "flames"
- How to indicate if STEP+ goes history or fires?